<?xml version="1.0" encoding="UTF-8"?>
<testsuite name="com.example.bookmanagement.scheduler.NotificationSchedulerGithubCopilotTest" tests="1" skipped="0" failures="0" errors="0" timestamp="2023-09-29T09:20:53" hostname="RWC4HQH77Y.local" time="0.032">
  <properties/>
  <testcase name="sendBookDueReminders_with_bookLendingService_getOverdueLendings_returning_list_with_more_than_one_element()" classname="com.example.bookmanagement.scheduler.NotificationSchedulerGithubCopilotTest" time="0.032"/>
  <system-out><![CDATA[12:20:52.603 [Test worker] INFO org.springframework.test.context.support.AnnotationConfigContextLoaderUtils -- Could not detect default configuration classes for test class [com.example.bookmanagement.scheduler.NotificationSchedulerGithubCopilotTest]: NotificationSchedulerGithubCopilotTest does not declare any static, non-private, non-final, nested classes annotated with @Configuration.
]]></system-out>
  <system-err><![CDATA[]]></system-err>
</testsuite>
